<?xml version="1.0" encoding="UTF-8"?>
<!-- Generated by org.testng.reporters.JUnitReportReporter -->
<testsuite hostname="Collaberas-MacBook-Pro.local" failures="0" tests="2" name="TestNG_Exercise.Listener_Test" time="31.630" errors="0" timestamp="2023-04-19T13:47:09 PST" skipped="0">
  <testcase classname="TestNG_Exercise.Listener_Test" name="testTitle" time="9.563"/>
  <system-out>
    <![CDATA[Google
Actual Title: Google]]>
  </system-out>
  <testcase classname="TestNG_Exercise.Listener_Test" name="testSearch" time="22.067"/>
  <system-out>
    <![CDATA[TestNG - Google Search
Actual Title after search: TestNG - Google Search]]>
  </system-out>
</testsuite> <!-- TestNG_Exercise.Listener_Test -->
