<?xml version="1.0" encoding="UTF-8"?>
<!-- Generated by org.testng.reporters.JUnitReportReporter -->
<testsuite hostname="Collaberas-MacBook-Pro.local" failures="0" tests="1" name="TestNG_Exercise.TestNG_Parameters" time="0.017" errors="0" timestamp="2023-04-19T11:28:35 PST" skipped="0">
  <testcase classname="TestNG_Exercise.TestNG_Parameters" name="testLogin" time="0.017"/>
  <system-out/>
</testsuite> <!-- TestNG_Exercise.TestNG_Parameters -->
