<?xml version="1.0" encoding="UTF-8"?>
<!-- Generated by org.testng.reporters.JUnitReportReporter -->
<testsuite hostname="Collaberas-MacBook-Pro.local" failures="0" tests="3" name="TestNG_Exercise.TestNG_Dependency" time="0.018" errors="0" timestamp="2023-04-19T11:29:55 PST" skipped="0">
  <testcase classname="TestNG_Exercise.TestNG_Dependency" name="testThree" time="0.001"/>
  <system-out/>
  <testcase classname="TestNG_Exercise.TestNG_Dependency" name="testTwo" time="0.003"/>
  <system-out/>
  <testcase classname="TestNG_Exercise.TestNG_Dependency" name="testOne" time="0.014"/>
  <system-out/>
</testsuite> <!-- TestNG_Exercise.TestNG_Dependency -->
