<?xml version="1.0" encoding="UTF-8"?>
<!-- Generated by org.testng.reporters.JUnitReportReporter -->
<testsuite hostname="Collaberas-MacBook-Pro.local" failures="0" tests="1" name="com.TestNumer1" time="16.501" errors="0" timestamp="2023-04-18T16:03:50 PST" skipped="0">
  <testcase classname="com.TestNumer1" name="f" time="16.501"/>
  <system-out/>
</testsuite> <!-- com.TestNumer1 -->
