<?xml version="1.0" encoding="UTF-8"?>
<!-- Generated by org.testng.reporters.JUnitReportReporter -->
<testsuite hostname="Collaberas-MacBook-Pro.local" failures="0" tests="2" name="TestNG_Exercise.TestNG_Skip" time="0.015" errors="0" timestamp="2023-04-19T11:24:21 PST" skipped="1">
  <testcase classname="TestNG_Exercise.TestNG_Skip" name="Test2" time="0.015"/>
  <system-out/>
  <testcase classname="TestNG_Exercise.TestNG_Skip" name="Test1">
    <skipped/>
  </testcase> <!-- Test1 -->
  <system-out/>
</testsuite> <!-- TestNG_Exercise.TestNG_Skip -->
