<?xml version="1.0" encoding="UTF-8"?>
<!-- Generated by org.testng.reporters.JUnitReportReporter -->
<testsuite hostname="Collaberas-MacBook-Pro.local" failures="0" tests="1" name="Test.PageFactoryTest" time="9.490" errors="0" timestamp="2023-04-20T11:27:54 PST" skipped="0">
  <testcase classname="Test.PageFactoryTest" name="testPageFactory" time="9.490"/>
  <system-out/>
</testsuite> <!-- Test.PageFactoryTest -->
